TN:
SF:src/use-cases/submit-feedback-use-case.ts
FN:10,execute
FN:5,SubmitFeedbackUseCase
FNF:2
FNH:2
FNDA:4,execute
FNDA:1,SubmitFeedbackUseCase
DA:1,1
DA:2,1
DA:3,1
DA:4,1
DA:5,1
DA:6,1
DA:7,1
DA:8,1
DA:9,1
DA:10,1
DA:11,4
DA:12,4
DA:13,4
DA:14,1
DA:15,1
DA:16,3
DA:17,4
DA:18,1
DA:19,1
DA:20,2
DA:21,4
DA:22,1
DA:23,1
DA:24,1
DA:25,1
DA:26,1
DA:27,1
DA:28,1
DA:29,1
DA:30,1
DA:31,1
DA:32,1
DA:33,1
DA:34,1
DA:35,1
DA:36,1
DA:37,1
DA:38,1
DA:39,1
DA:40,1
DA:41,1
LF:41
LH:41
BRDA:10,0,0,4
BRDA:13,1,0,1
BRDA:16,2,0,3
BRDA:17,3,0,1
BRDA:20,4,0,2
BRDA:21,5,0,1
BRDA:21,6,0,1
BRDA:5,7,0,1
BRF:8
BRH:8
end_of_record
